[2023-02-05 18:04:29] local.ERROR: Use of undefined constant env - assumed 'env' (this will throw an Error in a future version of PHP) {"exception":"[object] (ErrorException(code: 0): Use of undefined constant env - assumed 'env' (this will throw an Error in a future version of PHP) at /mnt/2B59B0F32ED5FBD7/Projects/F8-Official/PHP/Laravel-learn/routes/web.php:18)
[stacktrace]
#0 /mnt/2B59B0F32ED5FBD7/Projects/F8-Official/PHP/Laravel-learn/routes/web.php(18): Illuminate\\Foundation\\Bootstrap\\HandleExceptions->handleError()
#1 /mnt/2B59B0F32ED5FBD7/Projects/F8-Official/PHP/Laravel-learn/vendor/laravel/framework/src/Illuminate/Routing/Route.php(238): Illuminate\\Routing\\RouteFileRegistrar->{closure}()
#2 /mnt/2B59B0F32ED5FBD7/Projects/F8-Official/PHP/Laravel-learn/vendor/laravel/framework/src/Illuminate/Routing/Route.php(208): Illuminate\\Routing\\Route->runCallable()
#3 /mnt/2B59B0F32ED5FBD7/Projects/F8-Official/PHP/Laravel-learn/vendor/laravel/framework/src/Illuminate/Routing/Router.php(721): Illuminate\\Routing\\Route->run()
#4 /mnt/2B59B0F32ED5FBD7/Projects/F8-Official/PHP/Laravel-learn/vendor/laravel/framework/src/Illuminate/Pipeline/Pipeline.php(128): Illuminate\\Routing\\Router->Illuminate\\Routing\\{closure}()
#5 /mnt/2B59B0F32ED5FBD7/Projects/F8-Official/PHP/Laravel-learn/vendor/laravel/framework/src/Illuminate/Routing/Middleware/SubstituteBindings.php(50): Illuminate\\Pipeline\\Pipeline->Illuminate\\Pipeline\\{closure}()
#6 /mnt/2B59B0F32ED5FBD7/Projects/F8-Official/PHP/Laravel-learn/vendor/laravel/framework/src/Illuminate/Pipeline/Pipeline.php(167): Illuminate\\Routing\\Middleware\\SubstituteBindings->handle()
#7 /mnt/2B59B0F32ED5FBD7/Projects/F8-Official/PHP/Laravel-learn/vendor/laravel/framework/src/Illuminate/Foundation/Http/Middleware/VerifyCsrfToken.php(78): Illuminate\\Pipeline\\Pipeline->Illuminate\\Pipeline\\{closure}()
#8 /mnt/2B59B0F32ED5FBD7/Projects/F8-Official/PHP/Laravel-learn/vendor/laravel/framework/src/Illuminate/Pipeline/Pipeline.php(167): Illuminate\\Foundation\\Http\\Middleware\\VerifyCsrfToken->handle()
#9 /mnt/2B59B0F32ED5FBD7/Projects/F8-Official/PHP/Laravel-learn/vendor/laravel/framework/src/Illuminate/View/Middleware/ShareErrorsFromSession.php(49): Illuminate\\Pipeline\\Pipeline->Illuminate\\Pipeline\\{closure}()
#10 /mnt/2B59B0F32ED5FBD7/Projects/F8-Official/PHP/Laravel-learn/vendor/laravel/framework/src/Illuminate/Pipeline/Pipeline.php(167): Illuminate\\View\\Middleware\\ShareErrorsFromSession->handle()
#11 /mnt/2B59B0F32ED5FBD7/Projects/F8-Official/PHP/Laravel-learn/vendor/laravel/framework/src/Illuminate/Session/Middleware/StartSession.php(121): Illuminate\\Pipeline\\Pipeline->Illuminate\\Pipeline\\{closure}()
#12 /mnt/2B59B0F32ED5FBD7/Projects/F8-Official/PHP/Laravel-learn/vendor/laravel/framework/src/Illuminate/Session/Middleware/StartSession.php(64): Illuminate\\Session\\Middleware\\StartSession->handleStatefulRequest()
#13 /mnt/2B59B0F32ED5FBD7/Projects/F8-Official/PHP/Laravel-learn/vendor/laravel/framework/src/Illuminate/Pipeline/Pipeline.php(167): Illuminate\\Session\\Middleware\\StartSession->handle()
#14 /mnt/2B59B0F32ED5FBD7/Projects/F8-Official/PHP/Laravel-learn/vendor/laravel/framework/src/Illuminate/Cookie/Middleware/AddQueuedCookiesToResponse.php(37): Illuminate\\Pipeline\\Pipeline->Illuminate\\Pipeline\\{closure}()
#15 /mnt/2B59B0F32ED5FBD7/Projects/F8-Official/PHP/Laravel-learn/vendor/laravel/framework/src/Illuminate/Pipeline/Pipeline.php(167): Illuminate\\Cookie\\Middleware\\AddQueuedCookiesToResponse->handle()
#16 /mnt/2B59B0F32ED5FBD7/Projects/F8-Official/PHP/Laravel-learn/vendor/laravel/framework/src/Illuminate/Cookie/Middleware/EncryptCookies.php(67): Illuminate\\Pipeline\\Pipeline->Illuminate\\Pipeline\\{closure}()
#17 /mnt/2B59B0F32ED5FBD7/Projects/F8-Official/PHP/Laravel-learn/vendor/laravel/framework/src/Illuminate/Pipeline/Pipeline.php(167): Illuminate\\Cookie\\Middleware\\EncryptCookies->handle()
#18 /mnt/2B59B0F32ED5FBD7/Projects/F8-Official/PHP/Laravel-learn/vendor/laravel/framework/src/Illuminate/Pipeline/Pipeline.php(103): Illuminate\\Pipeline\\Pipeline->Illuminate\\Pipeline\\{closure}()
#19 /mnt/2B59B0F32ED5FBD7/Projects/F8-Official/PHP/Laravel-learn/vendor/laravel/framework/src/Illuminate/Routing/Router.php(723): Illuminate\\Pipeline\\Pipeline->then()
#20 /mnt/2B59B0F32ED5FBD7/Projects/F8-Official/PHP/Laravel-learn/vendor/laravel/framework/src/Illuminate/Routing/Router.php(698): Illuminate\\Routing\\Router->runRouteWithinStack()
#21 /mnt/2B59B0F32ED5FBD7/Projects/F8-Official/PHP/Laravel-learn/vendor/laravel/framework/src/Illuminate/Routing/Router.php(662): Illuminate\\Routing\\Router->runRoute()
#22 /mnt/2B59B0F32ED5FBD7/Projects/F8-Official/PHP/Laravel-learn/vendor/laravel/framework/src/Illuminate/Routing/Router.php(651): Illuminate\\Routing\\Router->dispatchToRoute()
#23 /mnt/2B59B0F32ED5FBD7/Projects/F8-Official/PHP/Laravel-learn/vendor/laravel/framework/src/Illuminate/Foundation/Http/Kernel.php(167): Illuminate\\Routing\\Router->dispatch()
#24 /mnt/2B59B0F32ED5FBD7/Projects/F8-Official/PHP/Laravel-learn/vendor/laravel/framework/src/Illuminate/Pipeline/Pipeline.php(128): Illuminate\\Foundation\\Http\\Kernel->Illuminate\\Foundation\\Http\\{closure}()
#25 /mnt/2B59B0F32ED5FBD7/Projects/F8-Official/PHP/Laravel-learn/vendor/laravel/framework/src/Illuminate/Foundation/Http/Middleware/TransformsRequest.php(21): Illuminate\\Pipeline\\Pipeline->Illuminate\\Pipeline\\{closure}()
#26 /mnt/2B59B0F32ED5FBD7/Projects/F8-Official/PHP/Laravel-learn/vendor/laravel/framework/src/Illuminate/Foundation/Http/Middleware/ConvertEmptyStringsToNull.php(31): Illuminate\\Foundation\\Http\\Middleware\\TransformsRequest->handle()
#27 /mnt/2B59B0F32ED5FBD7/Projects/F8-Official/PHP/Laravel-learn/vendor/laravel/framework/src/Illuminate/Pipeline/Pipeline.php(167): Illuminate\\Foundation\\Http\\Middleware\\ConvertEmptyStringsToNull->handle()
#28 /mnt/2B59B0F32ED5FBD7/Projects/F8-Official/PHP/Laravel-learn/vendor/laravel/framework/src/Illuminate/Foundation/Http/Middleware/TransformsRequest.php(21): Illuminate\\Pipeline\\Pipeline->Illuminate\\Pipeline\\{closure}()
#29 /mnt/2B59B0F32ED5FBD7/Projects/F8-Official/PHP/Laravel-learn/vendor/laravel/framework/src/Illuminate/Foundation/Http/Middleware/TrimStrings.php(40): Illuminate\\Foundation\\Http\\Middleware\\TransformsRequest->handle()
#30 /mnt/2B59B0F32ED5FBD7/Projects/F8-Official/PHP/Laravel-learn/vendor/laravel/framework/src/Illuminate/Pipeline/Pipeline.php(167): Illuminate\\Foundation\\Http\\Middleware\\TrimStrings->handle()
#31 /mnt/2B59B0F32ED5FBD7/Projects/F8-Official/PHP/Laravel-learn/vendor/laravel/framework/src/Illuminate/Foundation/Http/Middleware/ValidatePostSize.php(27): Illuminate\\Pipeline\\Pipeline->Illuminate\\Pipeline\\{closure}()
#32 /mnt/2B59B0F32ED5FBD7/Projects/F8-Official/PHP/Laravel-learn/vendor/laravel/framework/src/Illuminate/Pipeline/Pipeline.php(167): Illuminate\\Foundation\\Http\\Middleware\\ValidatePostSize->handle()
#33 /mnt/2B59B0F32ED5FBD7/Projects/F8-Official/PHP/Laravel-learn/vendor/laravel/framework/src/Illuminate/Foundation/Http/Middleware/PreventRequestsDuringMaintenance.php(86): Illuminate\\Pipeline\\Pipeline->Illuminate\\Pipeline\\{closure}()
#34 /mnt/2B59B0F32ED5FBD7/Projects/F8-Official/PHP/Laravel-learn/vendor/laravel/framework/src/Illuminate/Pipeline/Pipeline.php(167): Illuminate\\Foundation\\Http\\Middleware\\PreventRequestsDuringMaintenance->handle()
#35 /mnt/2B59B0F32ED5FBD7/Projects/F8-Official/PHP/Laravel-learn/vendor/fruitcake/laravel-cors/src/HandleCors.php(38): Illuminate\\Pipeline\\Pipeline->Illuminate\\Pipeline\\{closure}()
#36 /mnt/2B59B0F32ED5FBD7/Projects/F8-Official/PHP/Laravel-learn/vendor/laravel/framework/src/Illuminate/Pipeline/Pipeline.php(167): Fruitcake\\Cors\\HandleCors->handle()
#37 /mnt/2B59B0F32ED5FBD7/Projects/F8-Official/PHP/Laravel-learn/vendor/laravel/framework/src/Illuminate/Http/Middleware/TrustProxies.php(39): Illuminate\\Pipeline\\Pipeline->Illuminate\\Pipeline\\{closure}()
#38 /mnt/2B59B0F32ED5FBD7/Projects/F8-Official/PHP/Laravel-learn/vendor/laravel/framework/src/Illuminate/Pipeline/Pipeline.php(167): Illuminate\\Http\\Middleware\\TrustProxies->handle()
#39 /mnt/2B59B0F32ED5FBD7/Projects/F8-Official/PHP/Laravel-learn/vendor/laravel/framework/src/Illuminate/Pipeline/Pipeline.php(103): Illuminate\\Pipeline\\Pipeline->Illuminate\\Pipeline\\{closure}()
#40 /mnt/2B59B0F32ED5FBD7/Projects/F8-Official/PHP/Laravel-learn/vendor/laravel/framework/src/Illuminate/Foundation/Http/Kernel.php(142): Illuminate\\Pipeline\\Pipeline->then()
#41 /mnt/2B59B0F32ED5FBD7/Projects/F8-Official/PHP/Laravel-learn/vendor/laravel/framework/src/Illuminate/Foundation/Http/Kernel.php(111): Illuminate\\Foundation\\Http\\Kernel->sendRequestThroughRouter()
#42 /mnt/2B59B0F32ED5FBD7/Projects/F8-Official/PHP/Laravel-learn/public/index.php(52): Illuminate\\Foundation\\Http\\Kernel->handle()
#43 /mnt/2B59B0F32ED5FBD7/Projects/F8-Official/PHP/Laravel-learn/server.php(21): require_once('/mnt/2B59B0F32E...')
#44 {main}
"} 
[2023-02-05 18:35:16] local.ERROR: Command "make:controler" is not defined.

Did you mean one of these?
    make:cast
    make:channel
    make:command
    make:component
    make:controller
    make:event
    make:exception
    make:factory
    make:job
    make:listener
    make:mail
    make:middleware
    make:migration
    make:model
    make:notification
    make:observer
    make:policy
    make:provider
    make:request
    make:resource
    make:rule
    make:seeder
    make:test {"exception":"[object] (Symfony\\Component\\Console\\Exception\\CommandNotFoundException(code: 0): Command \"make:controler\" is not defined.

Did you mean one of these?
    make:cast
    make:channel
    make:command
    make:component
    make:controller
    make:event
    make:exception
    make:factory
    make:job
    make:listener
    make:mail
    make:middleware
    make:migration
    make:model
    make:notification
    make:observer
    make:policy
    make:provider
    make:request
    make:resource
    make:rule
    make:seeder
    make:test at /mnt/2B59B0F32ED5FBD7/Projects/F8-Official/PHP/Laravel-learn/vendor/symfony/console/Application.php:720)
[stacktrace]
#0 /mnt/2B59B0F32ED5FBD7/Projects/F8-Official/PHP/Laravel-learn/vendor/symfony/console/Application.php(259): Symfony\\Component\\Console\\Application->find()
#1 /mnt/2B59B0F32ED5FBD7/Projects/F8-Official/PHP/Laravel-learn/vendor/symfony/console/Application.php(171): Symfony\\Component\\Console\\Application->doRun()
#2 /mnt/2B59B0F32ED5FBD7/Projects/F8-Official/PHP/Laravel-learn/vendor/laravel/framework/src/Illuminate/Console/Application.php(94): Symfony\\Component\\Console\\Application->run()
#3 /mnt/2B59B0F32ED5FBD7/Projects/F8-Official/PHP/Laravel-learn/vendor/laravel/framework/src/Illuminate/Foundation/Console/Kernel.php(129): Illuminate\\Console\\Application->run()
#4 /mnt/2B59B0F32ED5FBD7/Projects/F8-Official/PHP/Laravel-learn/artisan(37): Illuminate\\Foundation\\Console\\Kernel->handle()
#5 {main}
"} 
[2023-02-05 18:54:39] local.ERROR: Undefined variable: title (View: /mnt/2B59B0F32ED5FBD7/Projects/F8-Official/PHP/Laravel-learn/resources/views/products/index.blade.php) {"view":{"view":"/mnt/2B59B0F32ED5FBD7/Projects/F8-Official/PHP/Laravel-learn/resources/views/products/index.blade.php","data":{"errors":"<pre class=sf-dump id=sf-dump-144499305 data-indent-pad=\"  \"><span class=sf-dump-note>Illuminate\\Support\\ViewErrorBag</span> {<a class=sf-dump-ref>#289</a><samp data-depth=1 class=sf-dump-expanded>
  #<span class=sf-dump-protected title=\"Protected property\">bags</span>: []
</samp>}
</pre><script>Sfdump(\"sf-dump-144499305\", {\"maxDepth\":3,\"maxStringLength\":160})</script>
","name":"<pre class=sf-dump id=sf-dump-2108928634 data-indent-pad=\"  \"><span class=sf-dump-const>null</span>
</pre><script>Sfdump(\"sf-dump-2108928634\", {\"maxDepth\":3,\"maxStringLength\":160})</script>
"}},"exception":"[object] (Facade\\Ignition\\Exceptions\\ViewException(code: 0): Undefined variable: title (View: /mnt/2B59B0F32ED5FBD7/Projects/F8-Official/PHP/Laravel-learn/resources/views/products/index.blade.php) at /mnt/2B59B0F32ED5FBD7/Projects/F8-Official/PHP/Laravel-learn/resources/views/products/index.blade.php:11)
[stacktrace]
#0 /mnt/2B59B0F32ED5FBD7/Projects/F8-Official/PHP/Laravel-learn/resources/views/products/index.blade.php(11): Illuminate\\Foundation\\Bootstrap\\HandleExceptions->handleError()
#1 /mnt/2B59B0F32ED5FBD7/Projects/F8-Official/PHP/Laravel-learn/vendor/laravel/framework/src/Illuminate/Filesystem/Filesystem.php(107): require('/mnt/2B59B0F32E...')
#2 /mnt/2B59B0F32ED5FBD7/Projects/F8-Official/PHP/Laravel-learn/vendor/laravel/framework/src/Illuminate/Filesystem/Filesystem.php(108): Illuminate\\Filesystem\\Filesystem::Illuminate\\Filesystem\\{closure}()
#3 /mnt/2B59B0F32ED5FBD7/Projects/F8-Official/PHP/Laravel-learn/vendor/laravel/framework/src/Illuminate/View/Engines/PhpEngine.php(58): Illuminate\\Filesystem\\Filesystem->getRequire()
#4 /mnt/2B59B0F32ED5FBD7/Projects/F8-Official/PHP/Laravel-learn/vendor/laravel/framework/src/Illuminate/View/Engines/CompilerEngine.php(61): Illuminate\\View\\Engines\\PhpEngine->evaluatePath()
#5 /mnt/2B59B0F32ED5FBD7/Projects/F8-Official/PHP/Laravel-learn/vendor/facade/ignition/src/Views/Engines/CompilerEngine.php(37): Illuminate\\View\\Engines\\CompilerEngine->get()
#6 /mnt/2B59B0F32ED5FBD7/Projects/F8-Official/PHP/Laravel-learn/vendor/laravel/framework/src/Illuminate/View/View.php(139): Facade\\Ignition\\Views\\Engines\\CompilerEngine->get()
#7 /mnt/2B59B0F32ED5FBD7/Projects/F8-Official/PHP/Laravel-learn/vendor/laravel/framework/src/Illuminate/View/View.php(122): Illuminate\\View\\View->getContents()
#8 /mnt/2B59B0F32ED5FBD7/Projects/F8-Official/PHP/Laravel-learn/vendor/laravel/framework/src/Illuminate/View/View.php(91): Illuminate\\View\\View->renderContents()
#9 /mnt/2B59B0F32ED5FBD7/Projects/F8-Official/PHP/Laravel-learn/vendor/laravel/framework/src/Illuminate/Http/Response.php(69): Illuminate\\View\\View->render()
#10 /mnt/2B59B0F32ED5FBD7/Projects/F8-Official/PHP/Laravel-learn/vendor/laravel/framework/src/Illuminate/Http/Response.php(35): Illuminate\\Http\\Response->setContent()
#11 /mnt/2B59B0F32ED5FBD7/Projects/F8-Official/PHP/Laravel-learn/vendor/laravel/framework/src/Illuminate/Routing/Router.php(820): Illuminate\\Http\\Response->__construct()
#12 /mnt/2B59B0F32ED5FBD7/Projects/F8-Official/PHP/Laravel-learn/vendor/laravel/framework/src/Illuminate/Routing/Router.php(789): Illuminate\\Routing\\Router::toResponse()
#13 /mnt/2B59B0F32ED5FBD7/Projects/F8-Official/PHP/Laravel-learn/vendor/laravel/framework/src/Illuminate/Routing/Router.php(721): Illuminate\\Routing\\Router->prepareResponse()
#14 /mnt/2B59B0F32ED5FBD7/Projects/F8-Official/PHP/Laravel-learn/vendor/laravel/framework/src/Illuminate/Pipeline/Pipeline.php(128): Illuminate\\Routing\\Router->Illuminate\\Routing\\{closure}()
#15 /mnt/2B59B0F32ED5FBD7/Projects/F8-Official/PHP/Laravel-learn/vendor/laravel/framework/src/Illuminate/Routing/Middleware/SubstituteBindings.php(50): Illuminate\\Pipeline\\Pipeline->Illuminate\\Pipeline\\{closure}()
#16 /mnt/2B59B0F32ED5FBD7/Projects/F8-Official/PHP/Laravel-learn/vendor/laravel/framework/src/Illuminate/Pipeline/Pipeline.php(167): Illuminate\\Routing\\Middleware\\SubstituteBindings->handle()
#17 /mnt/2B59B0F32ED5FBD7/Projects/F8-Official/PHP/Laravel-learn/vendor/laravel/framework/src/Illuminate/Foundation/Http/Middleware/VerifyCsrfToken.php(78): Illuminate\\Pipeline\\Pipeline->Illuminate\\Pipeline\\{closure}()
#18 /mnt/2B59B0F32ED5FBD7/Projects/F8-Official/PHP/Laravel-learn/vendor/laravel/framework/src/Illuminate/Pipeline/Pipeline.php(167): Illuminate\\Foundation\\Http\\Middleware\\VerifyCsrfToken->handle()
#19 /mnt/2B59B0F32ED5FBD7/Projects/F8-Official/PHP/Laravel-learn/vendor/laravel/framework/src/Illuminate/View/Middleware/ShareErrorsFromSession.php(49): Illuminate\\Pipeline\\Pipeline->Illuminate\\Pipeline\\{closure}()
#20 /mnt/2B59B0F32ED5FBD7/Projects/F8-Official/PHP/Laravel-learn/vendor/laravel/framework/src/Illuminate/Pipeline/Pipeline.php(167): Illuminate\\View\\Middleware\\ShareErrorsFromSession->handle()
#21 /mnt/2B59B0F32ED5FBD7/Projects/F8-Official/PHP/Laravel-learn/vendor/laravel/framework/src/Illuminate/Session/Middleware/StartSession.php(121): Illuminate\\Pipeline\\Pipeline->Illuminate\\Pipeline\\{closure}()
#22 /mnt/2B59B0F32ED5FBD7/Projects/F8-Official/PHP/Laravel-learn/vendor/laravel/framework/src/Illuminate/Session/Middleware/StartSession.php(64): Illuminate\\Session\\Middleware\\StartSession->handleStatefulRequest()
#23 /mnt/2B59B0F32ED5FBD7/Projects/F8-Official/PHP/Laravel-learn/vendor/laravel/framework/src/Illuminate/Pipeline/Pipeline.php(167): Illuminate\\Session\\Middleware\\StartSession->handle()
#24 /mnt/2B59B0F32ED5FBD7/Projects/F8-Official/PHP/Laravel-learn/vendor/laravel/framework/src/Illuminate/Cookie/Middleware/AddQueuedCookiesToResponse.php(37): Illuminate\\Pipeline\\Pipeline->Illuminate\\Pipeline\\{closure}()
#25 /mnt/2B59B0F32ED5FBD7/Projects/F8-Official/PHP/Laravel-learn/vendor/laravel/framework/src/Illuminate/Pipeline/Pipeline.php(167): Illuminate\\Cookie\\Middleware\\AddQueuedCookiesToResponse->handle()
#26 /mnt/2B59B0F32ED5FBD7/Projects/F8-Official/PHP/Laravel-learn/vendor/laravel/framework/src/Illuminate/Cookie/Middleware/EncryptCookies.php(67): Illuminate\\Pipeline\\Pipeline->Illuminate\\Pipeline\\{closure}()
#27 /mnt/2B59B0F32ED5FBD7/Projects/F8-Official/PHP/Laravel-learn/vendor/laravel/framework/src/Illuminate/Pipeline/Pipeline.php(167): Illuminate\\Cookie\\Middleware\\EncryptCookies->handle()
#28 /mnt/2B59B0F32ED5FBD7/Projects/F8-Official/PHP/Laravel-learn/vendor/laravel/framework/src/Illuminate/Pipeline/Pipeline.php(103): Illuminate\\Pipeline\\Pipeline->Illuminate\\Pipeline\\{closure}()
#29 /mnt/2B59B0F32ED5FBD7/Projects/F8-Official/PHP/Laravel-learn/vendor/laravel/framework/src/Illuminate/Routing/Router.php(723): Illuminate\\Pipeline\\Pipeline->then()
#30 /mnt/2B59B0F32ED5FBD7/Projects/F8-Official/PHP/Laravel-learn/vendor/laravel/framework/src/Illuminate/Routing/Router.php(698): Illuminate\\Routing\\Router->runRouteWithinStack()
#31 /mnt/2B59B0F32ED5FBD7/Projects/F8-Official/PHP/Laravel-learn/vendor/laravel/framework/src/Illuminate/Routing/Router.php(662): Illuminate\\Routing\\Router->runRoute()
#32 /mnt/2B59B0F32ED5FBD7/Projects/F8-Official/PHP/Laravel-learn/vendor/laravel/framework/src/Illuminate/Routing/Router.php(651): Illuminate\\Routing\\Router->dispatchToRoute()
#33 /mnt/2B59B0F32ED5FBD7/Projects/F8-Official/PHP/Laravel-learn/vendor/laravel/framework/src/Illuminate/Foundation/Http/Kernel.php(167): Illuminate\\Routing\\Router->dispatch()
#34 /mnt/2B59B0F32ED5FBD7/Projects/F8-Official/PHP/Laravel-learn/vendor/laravel/framework/src/Illuminate/Pipeline/Pipeline.php(128): Illuminate\\Foundation\\Http\\Kernel->Illuminate\\Foundation\\Http\\{closure}()
#35 /mnt/2B59B0F32ED5FBD7/Projects/F8-Official/PHP/Laravel-learn/vendor/laravel/framework/src/Illuminate/Foundation/Http/Middleware/TransformsRequest.php(21): Illuminate\\Pipeline\\Pipeline->Illuminate\\Pipeline\\{closure}()
#36 /mnt/2B59B0F32ED5FBD7/Projects/F8-Official/PHP/Laravel-learn/vendor/laravel/framework/src/Illuminate/Foundation/Http/Middleware/ConvertEmptyStringsToNull.php(31): Illuminate\\Foundation\\Http\\Middleware\\TransformsRequest->handle()
#37 /mnt/2B59B0F32ED5FBD7/Projects/F8-Official/PHP/Laravel-learn/vendor/laravel/framework/src/Illuminate/Pipeline/Pipeline.php(167): Illuminate\\Foundation\\Http\\Middleware\\ConvertEmptyStringsToNull->handle()
#38 /mnt/2B59B0F32ED5FBD7/Projects/F8-Official/PHP/Laravel-learn/vendor/laravel/framework/src/Illuminate/Foundation/Http/Middleware/TransformsRequest.php(21): Illuminate\\Pipeline\\Pipeline->Illuminate\\Pipeline\\{closure}()
#39 /mnt/2B59B0F32ED5FBD7/Projects/F8-Official/PHP/Laravel-learn/vendor/laravel/framework/src/Illuminate/Foundation/Http/Middleware/TrimStrings.php(40): Illuminate\\Foundation\\Http\\Middleware\\TransformsRequest->handle()
#40 /mnt/2B59B0F32ED5FBD7/Projects/F8-Official/PHP/Laravel-learn/vendor/laravel/framework/src/Illuminate/Pipeline/Pipeline.php(167): Illuminate\\Foundation\\Http\\Middleware\\TrimStrings->handle()
#41 /mnt/2B59B0F32ED5FBD7/Projects/F8-Official/PHP/Laravel-learn/vendor/laravel/framework/src/Illuminate/Foundation/Http/Middleware/ValidatePostSize.php(27): Illuminate\\Pipeline\\Pipeline->Illuminate\\Pipeline\\{closure}()
#42 /mnt/2B59B0F32ED5FBD7/Projects/F8-Official/PHP/Laravel-learn/vendor/laravel/framework/src/Illuminate/Pipeline/Pipeline.php(167): Illuminate\\Foundation\\Http\\Middleware\\ValidatePostSize->handle()
#43 /mnt/2B59B0F32ED5FBD7/Projects/F8-Official/PHP/Laravel-learn/vendor/laravel/framework/src/Illuminate/Foundation/Http/Middleware/PreventRequestsDuringMaintenance.php(86): Illuminate\\Pipeline\\Pipeline->Illuminate\\Pipeline\\{closure}()
#44 /mnt/2B59B0F32ED5FBD7/Projects/F8-Official/PHP/Laravel-learn/vendor/laravel/framework/src/Illuminate/Pipeline/Pipeline.php(167): Illuminate\\Foundation\\Http\\Middleware\\PreventRequestsDuringMaintenance->handle()
#45 /mnt/2B59B0F32ED5FBD7/Projects/F8-Official/PHP/Laravel-learn/vendor/fruitcake/laravel-cors/src/HandleCors.php(38): Illuminate\\Pipeline\\Pipeline->Illuminate\\Pipeline\\{closure}()
#46 /mnt/2B59B0F32ED5FBD7/Projects/F8-Official/PHP/Laravel-learn/vendor/laravel/framework/src/Illuminate/Pipeline/Pipeline.php(167): Fruitcake\\Cors\\HandleCors->handle()
#47 /mnt/2B59B0F32ED5FBD7/Projects/F8-Official/PHP/Laravel-learn/vendor/laravel/framework/src/Illuminate/Http/Middleware/TrustProxies.php(39): Illuminate\\Pipeline\\Pipeline->Illuminate\\Pipeline\\{closure}()
#48 /mnt/2B59B0F32ED5FBD7/Projects/F8-Official/PHP/Laravel-learn/vendor/laravel/framework/src/Illuminate/Pipeline/Pipeline.php(167): Illuminate\\Http\\Middleware\\TrustProxies->handle()
#49 /mnt/2B59B0F32ED5FBD7/Projects/F8-Official/PHP/Laravel-learn/vendor/laravel/framework/src/Illuminate/Pipeline/Pipeline.php(103): Illuminate\\Pipeline\\Pipeline->Illuminate\\Pipeline\\{closure}()
#50 /mnt/2B59B0F32ED5FBD7/Projects/F8-Official/PHP/Laravel-learn/vendor/laravel/framework/src/Illuminate/Foundation/Http/Kernel.php(142): Illuminate\\Pipeline\\Pipeline->then()
#51 /mnt/2B59B0F32ED5FBD7/Projects/F8-Official/PHP/Laravel-learn/vendor/laravel/framework/src/Illuminate/Foundation/Http/Kernel.php(111): Illuminate\\Foundation\\Http\\Kernel->sendRequestThroughRouter()
#52 /mnt/2B59B0F32ED5FBD7/Projects/F8-Official/PHP/Laravel-learn/public/index.php(52): Illuminate\\Foundation\\Http\\Kernel->handle()
#53 /mnt/2B59B0F32ED5FBD7/Projects/F8-Official/PHP/Laravel-learn/server.php(21): require_once('/mnt/2B59B0F32E...')
#54 {main}

[previous exception] [object] (ErrorException(code: 0): Undefined variable: title at /mnt/2B59B0F32ED5FBD7/Projects/F8-Official/PHP/Laravel-learn/storage/framework/views/2c05673ee5126595de45c3df71c822d504a59fa3.php:11)
[stacktrace]
#0 /mnt/2B59B0F32ED5FBD7/Projects/F8-Official/PHP/Laravel-learn/storage/framework/views/2c05673ee5126595de45c3df71c822d504a59fa3.php(11): Illuminate\\Foundation\\Bootstrap\\HandleExceptions->handleError()
#1 /mnt/2B59B0F32ED5FBD7/Projects/F8-Official/PHP/Laravel-learn/vendor/laravel/framework/src/Illuminate/Filesystem/Filesystem.php(107): require('/mnt/2B59B0F32E...')
#2 /mnt/2B59B0F32ED5FBD7/Projects/F8-Official/PHP/Laravel-learn/vendor/laravel/framework/src/Illuminate/Filesystem/Filesystem.php(108): Illuminate\\Filesystem\\Filesystem::Illuminate\\Filesystem\\{closure}()
#3 /mnt/2B59B0F32ED5FBD7/Projects/F8-Official/PHP/Laravel-learn/vendor/laravel/framework/src/Illuminate/View/Engines/PhpEngine.php(58): Illuminate\\Filesystem\\Filesystem->getRequire()
#4 /mnt/2B59B0F32ED5FBD7/Projects/F8-Official/PHP/Laravel-learn/vendor/laravel/framework/src/Illuminate/View/Engines/CompilerEngine.php(61): Illuminate\\View\\Engines\\PhpEngine->evaluatePath()
#5 /mnt/2B59B0F32ED5FBD7/Projects/F8-Official/PHP/Laravel-learn/vendor/facade/ignition/src/Views/Engines/CompilerEngine.php(37): Illuminate\\View\\Engines\\CompilerEngine->get()
#6 /mnt/2B59B0F32ED5FBD7/Projects/F8-Official/PHP/Laravel-learn/vendor/laravel/framework/src/Illuminate/View/View.php(139): Facade\\Ignition\\Views\\Engines\\CompilerEngine->get()
#7 /mnt/2B59B0F32ED5FBD7/Projects/F8-Official/PHP/Laravel-learn/vendor/laravel/framework/src/Illuminate/View/View.php(122): Illuminate\\View\\View->getContents()
#8 /mnt/2B59B0F32ED5FBD7/Projects/F8-Official/PHP/Laravel-learn/vendor/laravel/framework/src/Illuminate/View/View.php(91): Illuminate\\View\\View->renderContents()
#9 /mnt/2B59B0F32ED5FBD7/Projects/F8-Official/PHP/Laravel-learn/vendor/laravel/framework/src/Illuminate/Http/Response.php(69): Illuminate\\View\\View->render()
#10 /mnt/2B59B0F32ED5FBD7/Projects/F8-Official/PHP/Laravel-learn/vendor/laravel/framework/src/Illuminate/Http/Response.php(35): Illuminate\\Http\\Response->setContent()
#11 /mnt/2B59B0F32ED5FBD7/Projects/F8-Official/PHP/Laravel-learn/vendor/laravel/framework/src/Illuminate/Routing/Router.php(820): Illuminate\\Http\\Response->__construct()
#12 /mnt/2B59B0F32ED5FBD7/Projects/F8-Official/PHP/Laravel-learn/vendor/laravel/framework/src/Illuminate/Routing/Router.php(789): Illuminate\\Routing\\Router::toResponse()
#13 /mnt/2B59B0F32ED5FBD7/Projects/F8-Official/PHP/Laravel-learn/vendor/laravel/framework/src/Illuminate/Routing/Router.php(721): Illuminate\\Routing\\Router->prepareResponse()
#14 /mnt/2B59B0F32ED5FBD7/Projects/F8-Official/PHP/Laravel-learn/vendor/laravel/framework/src/Illuminate/Pipeline/Pipeline.php(128): Illuminate\\Routing\\Router->Illuminate\\Routing\\{closure}()
#15 /mnt/2B59B0F32ED5FBD7/Projects/F8-Official/PHP/Laravel-learn/vendor/laravel/framework/src/Illuminate/Routing/Middleware/SubstituteBindings.php(50): Illuminate\\Pipeline\\Pipeline->Illuminate\\Pipeline\\{closure}()
#16 /mnt/2B59B0F32ED5FBD7/Projects/F8-Official/PHP/Laravel-learn/vendor/laravel/framework/src/Illuminate/Pipeline/Pipeline.php(167): Illuminate\\Routing\\Middleware\\SubstituteBindings->handle()
#17 /mnt/2B59B0F32ED5FBD7/Projects/F8-Official/PHP/Laravel-learn/vendor/laravel/framework/src/Illuminate/Foundation/Http/Middleware/VerifyCsrfToken.php(78): Illuminate\\Pipeline\\Pipeline->Illuminate\\Pipeline\\{closure}()
#18 /mnt/2B59B0F32ED5FBD7/Projects/F8-Official/PHP/Laravel-learn/vendor/laravel/framework/src/Illuminate/Pipeline/Pipeline.php(167): Illuminate\\Foundation\\Http\\Middleware\\VerifyCsrfToken->handle()
#19 /mnt/2B59B0F32ED5FBD7/Projects/F8-Official/PHP/Laravel-learn/vendor/laravel/framework/src/Illuminate/View/Middleware/ShareErrorsFromSession.php(49): Illuminate\\Pipeline\\Pipeline->Illuminate\\Pipeline\\{closure}()
#20 /mnt/2B59B0F32ED5FBD7/Projects/F8-Official/PHP/Laravel-learn/vendor/laravel/framework/src/Illuminate/Pipeline/Pipeline.php(167): Illuminate\\View\\Middleware\\ShareErrorsFromSession->handle()
#21 /mnt/2B59B0F32ED5FBD7/Projects/F8-Official/PHP/Laravel-learn/vendor/laravel/framework/src/Illuminate/Session/Middleware/StartSession.php(121): Illuminate\\Pipeline\\Pipeline->Illuminate\\Pipeline\\{closure}()
#22 /mnt/2B59B0F32ED5FBD7/Projects/F8-Official/PHP/Laravel-learn/vendor/laravel/framework/src/Illuminate/Session/Middleware/StartSession.php(64): Illuminate\\Session\\Middleware\\StartSession->handleStatefulRequest()
#23 /mnt/2B59B0F32ED5FBD7/Projects/F8-Official/PHP/Laravel-learn/vendor/laravel/framework/src/Illuminate/Pipeline/Pipeline.php(167): Illuminate\\Session\\Middleware\\StartSession->handle()
#24 /mnt/2B59B0F32ED5FBD7/Projects/F8-Official/PHP/Laravel-learn/vendor/laravel/framework/src/Illuminate/Cookie/Middleware/AddQueuedCookiesToResponse.php(37): Illuminate\\Pipeline\\Pipeline->Illuminate\\Pipeline\\{closure}()
#25 /mnt/2B59B0F32ED5FBD7/Projects/F8-Official/PHP/Laravel-learn/vendor/laravel/framework/src/Illuminate/Pipeline/Pipeline.php(167): Illuminate\\Cookie\\Middleware\\AddQueuedCookiesToResponse->handle()
#26 /mnt/2B59B0F32ED5FBD7/Projects/F8-Official/PHP/Laravel-learn/vendor/laravel/framework/src/Illuminate/Cookie/Middleware/EncryptCookies.php(67): Illuminate\\Pipeline\\Pipeline->Illuminate\\Pipeline\\{closure}()
#27 /mnt/2B59B0F32ED5FBD7/Projects/F8-Official/PHP/Laravel-learn/vendor/laravel/framework/src/Illuminate/Pipeline/Pipeline.php(167): Illuminate\\Cookie\\Middleware\\EncryptCookies->handle()
#28 /mnt/2B59B0F32ED5FBD7/Projects/F8-Official/PHP/Laravel-learn/vendor/laravel/framework/src/Illuminate/Pipeline/Pipeline.php(103): Illuminate\\Pipeline\\Pipeline->Illuminate\\Pipeline\\{closure}()
#29 /mnt/2B59B0F32ED5FBD7/Projects/F8-Official/PHP/Laravel-learn/vendor/laravel/framework/src/Illuminate/Routing/Router.php(723): Illuminate\\Pipeline\\Pipeline->then()
#30 /mnt/2B59B0F32ED5FBD7/Projects/F8-Official/PHP/Laravel-learn/vendor/laravel/framework/src/Illuminate/Routing/Router.php(698): Illuminate\\Routing\\Router->runRouteWithinStack()
#31 /mnt/2B59B0F32ED5FBD7/Projects/F8-Official/PHP/Laravel-learn/vendor/laravel/framework/src/Illuminate/Routing/Router.php(662): Illuminate\\Routing\\Router->runRoute()
#32 /mnt/2B59B0F32ED5FBD7/Projects/F8-Official/PHP/Laravel-learn/vendor/laravel/framework/src/Illuminate/Routing/Router.php(651): Illuminate\\Routing\\Router->dispatchToRoute()
#33 /mnt/2B59B0F32ED5FBD7/Projects/F8-Official/PHP/Laravel-learn/vendor/laravel/framework/src/Illuminate/Foundation/Http/Kernel.php(167): Illuminate\\Routing\\Router->dispatch()
#34 /mnt/2B59B0F32ED5FBD7/Projects/F8-Official/PHP/Laravel-learn/vendor/laravel/framework/src/Illuminate/Pipeline/Pipeline.php(128): Illuminate\\Foundation\\Http\\Kernel->Illuminate\\Foundation\\Http\\{closure}()
#35 /mnt/2B59B0F32ED5FBD7/Projects/F8-Official/PHP/Laravel-learn/vendor/laravel/framework/src/Illuminate/Foundation/Http/Middleware/TransformsRequest.php(21): Illuminate\\Pipeline\\Pipeline->Illuminate\\Pipeline\\{closure}()
#36 /mnt/2B59B0F32ED5FBD7/Projects/F8-Official/PHP/Laravel-learn/vendor/laravel/framework/src/Illuminate/Foundation/Http/Middleware/ConvertEmptyStringsToNull.php(31): Illuminate\\Foundation\\Http\\Middleware\\TransformsRequest->handle()
#37 /mnt/2B59B0F32ED5FBD7/Projects/F8-Official/PHP/Laravel-learn/vendor/laravel/framework/src/Illuminate/Pipeline/Pipeline.php(167): Illuminate\\Foundation\\Http\\Middleware\\ConvertEmptyStringsToNull->handle()
#38 /mnt/2B59B0F32ED5FBD7/Projects/F8-Official/PHP/Laravel-learn/vendor/laravel/framework/src/Illuminate/Foundation/Http/Middleware/TransformsRequest.php(21): Illuminate\\Pipeline\\Pipeline->Illuminate\\Pipeline\\{closure}()
#39 /mnt/2B59B0F32ED5FBD7/Projects/F8-Official/PHP/Laravel-learn/vendor/laravel/framework/src/Illuminate/Foundation/Http/Middleware/TrimStrings.php(40): Illuminate\\Foundation\\Http\\Middleware\\TransformsRequest->handle()
#40 /mnt/2B59B0F32ED5FBD7/Projects/F8-Official/PHP/Laravel-learn/vendor/laravel/framework/src/Illuminate/Pipeline/Pipeline.php(167): Illuminate\\Foundation\\Http\\Middleware\\TrimStrings->handle()
#41 /mnt/2B59B0F32ED5FBD7/Projects/F8-Official/PHP/Laravel-learn/vendor/laravel/framework/src/Illuminate/Foundation/Http/Middleware/ValidatePostSize.php(27): Illuminate\\Pipeline\\Pipeline->Illuminate\\Pipeline\\{closure}()
#42 /mnt/2B59B0F32ED5FBD7/Projects/F8-Official/PHP/Laravel-learn/vendor/laravel/framework/src/Illuminate/Pipeline/Pipeline.php(167): Illuminate\\Foundation\\Http\\Middleware\\ValidatePostSize->handle()
#43 /mnt/2B59B0F32ED5FBD7/Projects/F8-Official/PHP/Laravel-learn/vendor/laravel/framework/src/Illuminate/Foundation/Http/Middleware/PreventRequestsDuringMaintenance.php(86): Illuminate\\Pipeline\\Pipeline->Illuminate\\Pipeline\\{closure}()
#44 /mnt/2B59B0F32ED5FBD7/Projects/F8-Official/PHP/Laravel-learn/vendor/laravel/framework/src/Illuminate/Pipeline/Pipeline.php(167): Illuminate\\Foundation\\Http\\Middleware\\PreventRequestsDuringMaintenance->handle()
#45 /mnt/2B59B0F32ED5FBD7/Projects/F8-Official/PHP/Laravel-learn/vendor/fruitcake/laravel-cors/src/HandleCors.php(38): Illuminate\\Pipeline\\Pipeline->Illuminate\\Pipeline\\{closure}()
#46 /mnt/2B59B0F32ED5FBD7/Projects/F8-Official/PHP/Laravel-learn/vendor/laravel/framework/src/Illuminate/Pipeline/Pipeline.php(167): Fruitcake\\Cors\\HandleCors->handle()
#47 /mnt/2B59B0F32ED5FBD7/Projects/F8-Official/PHP/Laravel-learn/vendor/laravel/framework/src/Illuminate/Http/Middleware/TrustProxies.php(39): Illuminate\\Pipeline\\Pipeline->Illuminate\\Pipeline\\{closure}()
#48 /mnt/2B59B0F32ED5FBD7/Projects/F8-Official/PHP/Laravel-learn/vendor/laravel/framework/src/Illuminate/Pipeline/Pipeline.php(167): Illuminate\\Http\\Middleware\\TrustProxies->handle()
#49 /mnt/2B59B0F32ED5FBD7/Projects/F8-Official/PHP/Laravel-learn/vendor/laravel/framework/src/Illuminate/Pipeline/Pipeline.php(103): Illuminate\\Pipeline\\Pipeline->Illuminate\\Pipeline\\{closure}()
#50 /mnt/2B59B0F32ED5FBD7/Projects/F8-Official/PHP/Laravel-learn/vendor/laravel/framework/src/Illuminate/Foundation/Http/Kernel.php(142): Illuminate\\Pipeline\\Pipeline->then()
#51 /mnt/2B59B0F32ED5FBD7/Projects/F8-Official/PHP/Laravel-learn/vendor/laravel/framework/src/Illuminate/Foundation/Http/Kernel.php(111): Illuminate\\Foundation\\Http\\Kernel->sendRequestThroughRouter()
#52 /mnt/2B59B0F32ED5FBD7/Projects/F8-Official/PHP/Laravel-learn/public/index.php(52): Illuminate\\Foundation\\Http\\Kernel->handle()
#53 /mnt/2B59B0F32ED5FBD7/Projects/F8-Official/PHP/Laravel-learn/server.php(21): require_once('/mnt/2B59B0F32E...')
#54 {main}
"} 
[2023-02-05 19:01:16] local.ERROR: syntax error, unexpected 'endforeach' (T_ENDFOREACH), expecting end of file (View: /mnt/2B59B0F32ED5FBD7/Projects/F8-Official/PHP/Laravel-learn/resources/views/products/index.blade.php) {"view":{"view":"/mnt/2B59B0F32ED5FBD7/Projects/F8-Official/PHP/Laravel-learn/resources/views/products/index.blade.php","data":{"errors":"<pre class=sf-dump id=sf-dump-888029071 data-indent-pad=\"  \"><span class=sf-dump-note>Illuminate\\Support\\ViewErrorBag</span> {<a class=sf-dump-ref>#289</a><samp data-depth=1 class=sf-dump-expanded>
  #<span class=sf-dump-protected title=\"Protected property\">bags</span>: []
</samp>}
</pre><script>Sfdump(\"sf-dump-888029071\", {\"maxDepth\":3,\"maxStringLength\":160})</script>
","myphone":"<pre class=sf-dump id=sf-dump-763209078 data-indent-pad=\"  \"><span class=sf-dump-note>array:2</span> [<samp data-depth=1 class=sf-dump-expanded>
  \"<span class=sf-dump-key>name</span>\" => \"<span class=sf-dump-str title=\"22 characters\">Samsung Galaxy A8 Star</span>\"
  \"<span class=sf-dump-key>Year</span>\" => <span class=sf-dump-num>2019</span>
</samp>]
</pre><script>Sfdump(\"sf-dump-763209078\", {\"maxDepth\":3,\"maxStringLength\":160})</script>
"}},"exception":"[object] (Facade\\Ignition\\Exceptions\\ViewException(code: 0): syntax error, unexpected 'endforeach' (T_ENDFOREACH), expecting end of file (View: /mnt/2B59B0F32ED5FBD7/Projects/F8-Official/PHP/Laravel-learn/resources/views/products/index.blade.php) at /mnt/2B59B0F32ED5FBD7/Projects/F8-Official/PHP/Laravel-learn/resources/views/products/index.blade.php:19)
[stacktrace]
#0 /mnt/2B59B0F32ED5FBD7/Projects/F8-Official/PHP/Laravel-learn/vendor/laravel/framework/src/Illuminate/Filesystem/Filesystem.php(108): Illuminate\\Filesystem\\Filesystem::Illuminate\\Filesystem\\{closure}()
#1 /mnt/2B59B0F32ED5FBD7/Projects/F8-Official/PHP/Laravel-learn/vendor/laravel/framework/src/Illuminate/View/Engines/PhpEngine.php(58): Illuminate\\Filesystem\\Filesystem->getRequire()
#2 /mnt/2B59B0F32ED5FBD7/Projects/F8-Official/PHP/Laravel-learn/vendor/laravel/framework/src/Illuminate/View/Engines/CompilerEngine.php(61): Illuminate\\View\\Engines\\PhpEngine->evaluatePath()
#3 /mnt/2B59B0F32ED5FBD7/Projects/F8-Official/PHP/Laravel-learn/vendor/facade/ignition/src/Views/Engines/CompilerEngine.php(37): Illuminate\\View\\Engines\\CompilerEngine->get()
#4 /mnt/2B59B0F32ED5FBD7/Projects/F8-Official/PHP/Laravel-learn/vendor/laravel/framework/src/Illuminate/View/View.php(139): Facade\\Ignition\\Views\\Engines\\CompilerEngine->get()
#5 /mnt/2B59B0F32ED5FBD7/Projects/F8-Official/PHP/Laravel-learn/vendor/laravel/framework/src/Illuminate/View/View.php(122): Illuminate\\View\\View->getContents()
#6 /mnt/2B59B0F32ED5FBD7/Projects/F8-Official/PHP/Laravel-learn/vendor/laravel/framework/src/Illuminate/View/View.php(91): Illuminate\\View\\View->renderContents()
#7 /mnt/2B59B0F32ED5FBD7/Projects/F8-Official/PHP/Laravel-learn/vendor/laravel/framework/src/Illuminate/Http/Response.php(69): Illuminate\\View\\View->render()
#8 /mnt/2B59B0F32ED5FBD7/Projects/F8-Official/PHP/Laravel-learn/vendor/laravel/framework/src/Illuminate/Http/Response.php(35): Illuminate\\Http\\Response->setContent()
#9 /mnt/2B59B0F32ED5FBD7/Projects/F8-Official/PHP/Laravel-learn/vendor/laravel/framework/src/Illuminate/Routing/Router.php(820): Illuminate\\Http\\Response->__construct()
#10 /mnt/2B59B0F32ED5FBD7/Projects/F8-Official/PHP/Laravel-learn/vendor/laravel/framework/src/Illuminate/Routing/Router.php(789): Illuminate\\Routing\\Router::toResponse()
#11 /mnt/2B59B0F32ED5FBD7/Projects/F8-Official/PHP/Laravel-learn/vendor/laravel/framework/src/Illuminate/Routing/Router.php(721): Illuminate\\Routing\\Router->prepareResponse()
#12 /mnt/2B59B0F32ED5FBD7/Projects/F8-Official/PHP/Laravel-learn/vendor/laravel/framework/src/Illuminate/Pipeline/Pipeline.php(128): Illuminate\\Routing\\Router->Illuminate\\Routing\\{closure}()
#13 /mnt/2B59B0F32ED5FBD7/Projects/F8-Official/PHP/Laravel-learn/vendor/laravel/framework/src/Illuminate/Routing/Middleware/SubstituteBindings.php(50): Illuminate\\Pipeline\\Pipeline->Illuminate\\Pipeline\\{closure}()
#14 /mnt/2B59B0F32ED5FBD7/Projects/F8-Official/PHP/Laravel-learn/vendor/laravel/framework/src/Illuminate/Pipeline/Pipeline.php(167): Illuminate\\Routing\\Middleware\\SubstituteBindings->handle()
#15 /mnt/2B59B0F32ED5FBD7/Projects/F8-Official/PHP/Laravel-learn/vendor/laravel/framework/src/Illuminate/Foundation/Http/Middleware/VerifyCsrfToken.php(78): Illuminate\\Pipeline\\Pipeline->Illuminate\\Pipeline\\{closure}()
#16 /mnt/2B59B0F32ED5FBD7/Projects/F8-Official/PHP/Laravel-learn/vendor/laravel/framework/src/Illuminate/Pipeline/Pipeline.php(167): Illuminate\\Foundation\\Http\\Middleware\\VerifyCsrfToken->handle()
#17 /mnt/2B59B0F32ED5FBD7/Projects/F8-Official/PHP/Laravel-learn/vendor/laravel/framework/src/Illuminate/View/Middleware/ShareErrorsFromSession.php(49): Illuminate\\Pipeline\\Pipeline->Illuminate\\Pipeline\\{closure}()
#18 /mnt/2B59B0F32ED5FBD7/Projects/F8-Official/PHP/Laravel-learn/vendor/laravel/framework/src/Illuminate/Pipeline/Pipeline.php(167): Illuminate\\View\\Middleware\\ShareErrorsFromSession->handle()
#19 /mnt/2B59B0F32ED5FBD7/Projects/F8-Official/PHP/Laravel-learn/vendor/laravel/framework/src/Illuminate/Session/Middleware/StartSession.php(121): Illuminate\\Pipeline\\Pipeline->Illuminate\\Pipeline\\{closure}()
#20 /mnt/2B59B0F32ED5FBD7/Projects/F8-Official/PHP/Laravel-learn/vendor/laravel/framework/src/Illuminate/Session/Middleware/StartSession.php(64): Illuminate\\Session\\Middleware\\StartSession->handleStatefulRequest()
#21 /mnt/2B59B0F32ED5FBD7/Projects/F8-Official/PHP/Laravel-learn/vendor/laravel/framework/src/Illuminate/Pipeline/Pipeline.php(167): Illuminate\\Session\\Middleware\\StartSession->handle()
#22 /mnt/2B59B0F32ED5FBD7/Projects/F8-Official/PHP/Laravel-learn/vendor/laravel/framework/src/Illuminate/Cookie/Middleware/AddQueuedCookiesToResponse.php(37): Illuminate\\Pipeline\\Pipeline->Illuminate\\Pipeline\\{closure}()
#23 /mnt/2B59B0F32ED5FBD7/Projects/F8-Official/PHP/Laravel-learn/vendor/laravel/framework/src/Illuminate/Pipeline/Pipeline.php(167): Illuminate\\Cookie\\Middleware\\AddQueuedCookiesToResponse->handle()
#24 /mnt/2B59B0F32ED5FBD7/Projects/F8-Official/PHP/Laravel-learn/vendor/laravel/framework/src/Illuminate/Cookie/Middleware/EncryptCookies.php(67): Illuminate\\Pipeline\\Pipeline->Illuminate\\Pipeline\\{closure}()
#25 /mnt/2B59B0F32ED5FBD7/Projects/F8-Official/PHP/Laravel-learn/vendor/laravel/framework/src/Illuminate/Pipeline/Pipeline.php(167): Illuminate\\Cookie\\Middleware\\EncryptCookies->handle()
#26 /mnt/2B59B0F32ED5FBD7/Projects/F8-Official/PHP/Laravel-learn/vendor/laravel/framework/src/Illuminate/Pipeline/Pipeline.php(103): Illuminate\\Pipeline\\Pipeline->Illuminate\\Pipeline\\{closure}()
#27 /mnt/2B59B0F32ED5FBD7/Projects/F8-Official/PHP/Laravel-learn/vendor/laravel/framework/src/Illuminate/Routing/Router.php(723): Illuminate\\Pipeline\\Pipeline->then()
#28 /mnt/2B59B0F32ED5FBD7/Projects/F8-Official/PHP/Laravel-learn/vendor/laravel/framework/src/Illuminate/Routing/Router.php(698): Illuminate\\Routing\\Router->runRouteWithinStack()
#29 /mnt/2B59B0F32ED5FBD7/Projects/F8-Official/PHP/Laravel-learn/vendor/laravel/framework/src/Illuminate/Routing/Router.php(662): Illuminate\\Routing\\Router->runRoute()
#30 /mnt/2B59B0F32ED5FBD7/Projects/F8-Official/PHP/Laravel-learn/vendor/laravel/framework/src/Illuminate/Routing/Router.php(651): Illuminate\\Routing\\Router->dispatchToRoute()
#31 /mnt/2B59B0F32ED5FBD7/Projects/F8-Official/PHP/Laravel-learn/vendor/laravel/framework/src/Illuminate/Foundation/Http/Kernel.php(167): Illuminate\\Routing\\Router->dispatch()
#32 /mnt/2B59B0F32ED5FBD7/Projects/F8-Official/PHP/Laravel-learn/vendor/laravel/framework/src/Illuminate/Pipeline/Pipeline.php(128): Illuminate\\Foundation\\Http\\Kernel->Illuminate\\Foundation\\Http\\{closure}()
#33 /mnt/2B59B0F32ED5FBD7/Projects/F8-Official/PHP/Laravel-learn/vendor/laravel/framework/src/Illuminate/Foundation/Http/Middleware/TransformsRequest.php(21): Illuminate\\Pipeline\\Pipeline->Illuminate\\Pipeline\\{closure}()
#34 /mnt/2B59B0F32ED5FBD7/Projects/F8-Official/PHP/Laravel-learn/vendor/laravel/framework/src/Illuminate/Foundation/Http/Middleware/ConvertEmptyStringsToNull.php(31): Illuminate\\Foundation\\Http\\Middleware\\TransformsRequest->handle()
#35 /mnt/2B59B0F32ED5FBD7/Projects/F8-Official/PHP/Laravel-learn/vendor/laravel/framework/src/Illuminate/Pipeline/Pipeline.php(167): Illuminate\\Foundation\\Http\\Middleware\\ConvertEmptyStringsToNull->handle()
#36 /mnt/2B59B0F32ED5FBD7/Projects/F8-Official/PHP/Laravel-learn/vendor/laravel/framework/src/Illuminate/Foundation/Http/Middleware/TransformsRequest.php(21): Illuminate\\Pipeline\\Pipeline->Illuminate\\Pipeline\\{closure}()
#37 /mnt/2B59B0F32ED5FBD7/Projects/F8-Official/PHP/Laravel-learn/vendor/laravel/framework/src/Illuminate/Foundation/Http/Middleware/TrimStrings.php(40): Illuminate\\Foundation\\Http\\Middleware\\TransformsRequest->handle()
#38 /mnt/2B59B0F32ED5FBD7/Projects/F8-Official/PHP/Laravel-learn/vendor/laravel/framework/src/Illuminate/Pipeline/Pipeline.php(167): Illuminate\\Foundation\\Http\\Middleware\\TrimStrings->handle()
#39 /mnt/2B59B0F32ED5FBD7/Projects/F8-Official/PHP/Laravel-learn/vendor/laravel/framework/src/Illuminate/Foundation/Http/Middleware/ValidatePostSize.php(27): Illuminate\\Pipeline\\Pipeline->Illuminate\\Pipeline\\{closure}()
#40 /mnt/2B59B0F32ED5FBD7/Projects/F8-Official/PHP/Laravel-learn/vendor/laravel/framework/src/Illuminate/Pipeline/Pipeline.php(167): Illuminate\\Foundation\\Http\\Middleware\\ValidatePostSize->handle()
#41 /mnt/2B59B0F32ED5FBD7/Projects/F8-Official/PHP/Laravel-learn/vendor/laravel/framework/src/Illuminate/Foundation/Http/Middleware/PreventRequestsDuringMaintenance.php(86): Illuminate\\Pipeline\\Pipeline->Illuminate\\Pipeline\\{closure}()
#42 /mnt/2B59B0F32ED5FBD7/Projects/F8-Official/PHP/Laravel-learn/vendor/laravel/framework/src/Illuminate/Pipeline/Pipeline.php(167): Illuminate\\Foundation\\Http\\Middleware\\PreventRequestsDuringMaintenance->handle()
#43 /mnt/2B59B0F32ED5FBD7/Projects/F8-Official/PHP/Laravel-learn/vendor/fruitcake/laravel-cors/src/HandleCors.php(38): Illuminate\\Pipeline\\Pipeline->Illuminate\\Pipeline\\{closure}()
#44 /mnt/2B59B0F32ED5FBD7/Projects/F8-Official/PHP/Laravel-learn/vendor/laravel/framework/src/Illuminate/Pipeline/Pipeline.php(167): Fruitcake\\Cors\\HandleCors->handle()
#45 /mnt/2B59B0F32ED5FBD7/Projects/F8-Official/PHP/Laravel-learn/vendor/laravel/framework/src/Illuminate/Http/Middleware/TrustProxies.php(39): Illuminate\\Pipeline\\Pipeline->Illuminate\\Pipeline\\{closure}()
#46 /mnt/2B59B0F32ED5FBD7/Projects/F8-Official/PHP/Laravel-learn/vendor/laravel/framework/src/Illuminate/Pipeline/Pipeline.php(167): Illuminate\\Http\\Middleware\\TrustProxies->handle()
#47 /mnt/2B59B0F32ED5FBD7/Projects/F8-Official/PHP/Laravel-learn/vendor/laravel/framework/src/Illuminate/Pipeline/Pipeline.php(103): Illuminate\\Pipeline\\Pipeline->Illuminate\\Pipeline\\{closure}()
#48 /mnt/2B59B0F32ED5FBD7/Projects/F8-Official/PHP/Laravel-learn/vendor/laravel/framework/src/Illuminate/Foundation/Http/Kernel.php(142): Illuminate\\Pipeline\\Pipeline->then()
#49 /mnt/2B59B0F32ED5FBD7/Projects/F8-Official/PHP/Laravel-learn/vendor/laravel/framework/src/Illuminate/Foundation/Http/Kernel.php(111): Illuminate\\Foundation\\Http\\Kernel->sendRequestThroughRouter()
#50 /mnt/2B59B0F32ED5FBD7/Projects/F8-Official/PHP/Laravel-learn/public/index.php(52): Illuminate\\Foundation\\Http\\Kernel->handle()
#51 /mnt/2B59B0F32ED5FBD7/Projects/F8-Official/PHP/Laravel-learn/server.php(21): require_once('/mnt/2B59B0F32E...')
#52 {main}

[previous exception] [object] (ParseError(code: 0): syntax error, unexpected 'endforeach' (T_ENDFOREACH), expecting end of file at /mnt/2B59B0F32ED5FBD7/Projects/F8-Official/PHP/Laravel-learn/storage/framework/views/2c05673ee5126595de45c3df71c822d504a59fa3.php:14)
[stacktrace]
#0 /mnt/2B59B0F32ED5FBD7/Projects/F8-Official/PHP/Laravel-learn/vendor/laravel/framework/src/Illuminate/Filesystem/Filesystem.php(108): Illuminate\\Filesystem\\Filesystem::Illuminate\\Filesystem\\{closure}()
#1 /mnt/2B59B0F32ED5FBD7/Projects/F8-Official/PHP/Laravel-learn/vendor/laravel/framework/src/Illuminate/View/Engines/PhpEngine.php(58): Illuminate\\Filesystem\\Filesystem->getRequire()
#2 /mnt/2B59B0F32ED5FBD7/Projects/F8-Official/PHP/Laravel-learn/vendor/laravel/framework/src/Illuminate/View/Engines/CompilerEngine.php(61): Illuminate\\View\\Engines\\PhpEngine->evaluatePath()
#3 /mnt/2B59B0F32ED5FBD7/Projects/F8-Official/PHP/Laravel-learn/vendor/facade/ignition/src/Views/Engines/CompilerEngine.php(37): Illuminate\\View\\Engines\\CompilerEngine->get()
#4 /mnt/2B59B0F32ED5FBD7/Projects/F8-Official/PHP/Laravel-learn/vendor/laravel/framework/src/Illuminate/View/View.php(139): Facade\\Ignition\\Views\\Engines\\CompilerEngine->get()
#5 /mnt/2B59B0F32ED5FBD7/Projects/F8-Official/PHP/Laravel-learn/vendor/laravel/framework/src/Illuminate/View/View.php(122): Illuminate\\View\\View->getContents()
#6 /mnt/2B59B0F32ED5FBD7/Projects/F8-Official/PHP/Laravel-learn/vendor/laravel/framework/src/Illuminate/View/View.php(91): Illuminate\\View\\View->renderContents()
#7 /mnt/2B59B0F32ED5FBD7/Projects/F8-Official/PHP/Laravel-learn/vendor/laravel/framework/src/Illuminate/Http/Response.php(69): Illuminate\\View\\View->render()
#8 /mnt/2B59B0F32ED5FBD7/Projects/F8-Official/PHP/Laravel-learn/vendor/laravel/framework/src/Illuminate/Http/Response.php(35): Illuminate\\Http\\Response->setContent()
#9 /mnt/2B59B0F32ED5FBD7/Projects/F8-Official/PHP/Laravel-learn/vendor/laravel/framework/src/Illuminate/Routing/Router.php(820): Illuminate\\Http\\Response->__construct()
#10 /mnt/2B59B0F32ED5FBD7/Projects/F8-Official/PHP/Laravel-learn/vendor/laravel/framework/src/Illuminate/Routing/Router.php(789): Illuminate\\Routing\\Router::toResponse()
#11 /mnt/2B59B0F32ED5FBD7/Projects/F8-Official/PHP/Laravel-learn/vendor/laravel/framework/src/Illuminate/Routing/Router.php(721): Illuminate\\Routing\\Router->prepareResponse()
#12 /mnt/2B59B0F32ED5FBD7/Projects/F8-Official/PHP/Laravel-learn/vendor/laravel/framework/src/Illuminate/Pipeline/Pipeline.php(128): Illuminate\\Routing\\Router->Illuminate\\Routing\\{closure}()
#13 /mnt/2B59B0F32ED5FBD7/Projects/F8-Official/PHP/Laravel-learn/vendor/laravel/framework/src/Illuminate/Routing/Middleware/SubstituteBindings.php(50): Illuminate\\Pipeline\\Pipeline->Illuminate\\Pipeline\\{closure}()
#14 /mnt/2B59B0F32ED5FBD7/Projects/F8-Official/PHP/Laravel-learn/vendor/laravel/framework/src/Illuminate/Pipeline/Pipeline.php(167): Illuminate\\Routing\\Middleware\\SubstituteBindings->handle()
#15 /mnt/2B59B0F32ED5FBD7/Projects/F8-Official/PHP/Laravel-learn/vendor/laravel/framework/src/Illuminate/Foundation/Http/Middleware/VerifyCsrfToken.php(78): Illuminate\\Pipeline\\Pipeline->Illuminate\\Pipeline\\{closure}()
#16 /mnt/2B59B0F32ED5FBD7/Projects/F8-Official/PHP/Laravel-learn/vendor/laravel/framework/src/Illuminate/Pipeline/Pipeline.php(167): Illuminate\\Foundation\\Http\\Middleware\\VerifyCsrfToken->handle()
#17 /mnt/2B59B0F32ED5FBD7/Projects/F8-Official/PHP/Laravel-learn/vendor/laravel/framework/src/Illuminate/View/Middleware/ShareErrorsFromSession.php(49): Illuminate\\Pipeline\\Pipeline->Illuminate\\Pipeline\\{closure}()
#18 /mnt/2B59B0F32ED5FBD7/Projects/F8-Official/PHP/Laravel-learn/vendor/laravel/framework/src/Illuminate/Pipeline/Pipeline.php(167): Illuminate\\View\\Middleware\\ShareErrorsFromSession->handle()
#19 /mnt/2B59B0F32ED5FBD7/Projects/F8-Official/PHP/Laravel-learn/vendor/laravel/framework/src/Illuminate/Session/Middleware/StartSession.php(121): Illuminate\\Pipeline\\Pipeline->Illuminate\\Pipeline\\{closure}()
#20 /mnt/2B59B0F32ED5FBD7/Projects/F8-Official/PHP/Laravel-learn/vendor/laravel/framework/src/Illuminate/Session/Middleware/StartSession.php(64): Illuminate\\Session\\Middleware\\StartSession->handleStatefulRequest()
#21 /mnt/2B59B0F32ED5FBD7/Projects/F8-Official/PHP/Laravel-learn/vendor/laravel/framework/src/Illuminate/Pipeline/Pipeline.php(167): Illuminate\\Session\\Middleware\\StartSession->handle()
#22 /mnt/2B59B0F32ED5FBD7/Projects/F8-Official/PHP/Laravel-learn/vendor/laravel/framework/src/Illuminate/Cookie/Middleware/AddQueuedCookiesToResponse.php(37): Illuminate\\Pipeline\\Pipeline->Illuminate\\Pipeline\\{closure}()
#23 /mnt/2B59B0F32ED5FBD7/Projects/F8-Official/PHP/Laravel-learn/vendor/laravel/framework/src/Illuminate/Pipeline/Pipeline.php(167): Illuminate\\Cookie\\Middleware\\AddQueuedCookiesToResponse->handle()
#24 /mnt/2B59B0F32ED5FBD7/Projects/F8-Official/PHP/Laravel-learn/vendor/laravel/framework/src/Illuminate/Cookie/Middleware/EncryptCookies.php(67): Illuminate\\Pipeline\\Pipeline->Illuminate\\Pipeline\\{closure}()
#25 /mnt/2B59B0F32ED5FBD7/Projects/F8-Official/PHP/Laravel-learn/vendor/laravel/framework/src/Illuminate/Pipeline/Pipeline.php(167): Illuminate\\Cookie\\Middleware\\EncryptCookies->handle()
#26 /mnt/2B59B0F32ED5FBD7/Projects/F8-Official/PHP/Laravel-learn/vendor/laravel/framework/src/Illuminate/Pipeline/Pipeline.php(103): Illuminate\\Pipeline\\Pipeline->Illuminate\\Pipeline\\{closure}()
#27 /mnt/2B59B0F32ED5FBD7/Projects/F8-Official/PHP/Laravel-learn/vendor/laravel/framework/src/Illuminate/Routing/Router.php(723): Illuminate\\Pipeline\\Pipeline->then()
#28 /mnt/2B59B0F32ED5FBD7/Projects/F8-Official/PHP/Laravel-learn/vendor/laravel/framework/src/Illuminate/Routing/Router.php(698): Illuminate\\Routing\\Router->runRouteWithinStack()
#29 /mnt/2B59B0F32ED5FBD7/Projects/F8-Official/PHP/Laravel-learn/vendor/laravel/framework/src/Illuminate/Routing/Router.php(662): Illuminate\\Routing\\Router->runRoute()
#30 /mnt/2B59B0F32ED5FBD7/Projects/F8-Official/PHP/Laravel-learn/vendor/laravel/framework/src/Illuminate/Routing/Router.php(651): Illuminate\\Routing\\Router->dispatchToRoute()
#31 /mnt/2B59B0F32ED5FBD7/Projects/F8-Official/PHP/Laravel-learn/vendor/laravel/framework/src/Illuminate/Foundation/Http/Kernel.php(167): Illuminate\\Routing\\Router->dispatch()
#32 /mnt/2B59B0F32ED5FBD7/Projects/F8-Official/PHP/Laravel-learn/vendor/laravel/framework/src/Illuminate/Pipeline/Pipeline.php(128): Illuminate\\Foundation\\Http\\Kernel->Illuminate\\Foundation\\Http\\{closure}()
#33 /mnt/2B59B0F32ED5FBD7/Projects/F8-Official/PHP/Laravel-learn/vendor/laravel/framework/src/Illuminate/Foundation/Http/Middleware/TransformsRequest.php(21): Illuminate\\Pipeline\\Pipeline->Illuminate\\Pipeline\\{closure}()
#34 /mnt/2B59B0F32ED5FBD7/Projects/F8-Official/PHP/Laravel-learn/vendor/laravel/framework/src/Illuminate/Foundation/Http/Middleware/ConvertEmptyStringsToNull.php(31): Illuminate\\Foundation\\Http\\Middleware\\TransformsRequest->handle()
#35 /mnt/2B59B0F32ED5FBD7/Projects/F8-Official/PHP/Laravel-learn/vendor/laravel/framework/src/Illuminate/Pipeline/Pipeline.php(167): Illuminate\\Foundation\\Http\\Middleware\\ConvertEmptyStringsToNull->handle()
#36 /mnt/2B59B0F32ED5FBD7/Projects/F8-Official/PHP/Laravel-learn/vendor/laravel/framework/src/Illuminate/Foundation/Http/Middleware/TransformsRequest.php(21): Illuminate\\Pipeline\\Pipeline->Illuminate\\Pipeline\\{closure}()
#37 /mnt/2B59B0F32ED5FBD7/Projects/F8-Official/PHP/Laravel-learn/vendor/laravel/framework/src/Illuminate/Foundation/Http/Middleware/TrimStrings.php(40): Illuminate\\Foundation\\Http\\Middleware\\TransformsRequest->handle()
#38 /mnt/2B59B0F32ED5FBD7/Projects/F8-Official/PHP/Laravel-learn/vendor/laravel/framework/src/Illuminate/Pipeline/Pipeline.php(167): Illuminate\\Foundation\\Http\\Middleware\\TrimStrings->handle()
#39 /mnt/2B59B0F32ED5FBD7/Projects/F8-Official/PHP/Laravel-learn/vendor/laravel/framework/src/Illuminate/Foundation/Http/Middleware/ValidatePostSize.php(27): Illuminate\\Pipeline\\Pipeline->Illuminate\\Pipeline\\{closure}()
#40 /mnt/2B59B0F32ED5FBD7/Projects/F8-Official/PHP/Laravel-learn/vendor/laravel/framework/src/Illuminate/Pipeline/Pipeline.php(167): Illuminate\\Foundation\\Http\\Middleware\\ValidatePostSize->handle()
#41 /mnt/2B59B0F32ED5FBD7/Projects/F8-Official/PHP/Laravel-learn/vendor/laravel/framework/src/Illuminate/Foundation/Http/Middleware/PreventRequestsDuringMaintenance.php(86): Illuminate\\Pipeline\\Pipeline->Illuminate\\Pipeline\\{closure}()
#42 /mnt/2B59B0F32ED5FBD7/Projects/F8-Official/PHP/Laravel-learn/vendor/laravel/framework/src/Illuminate/Pipeline/Pipeline.php(167): Illuminate\\Foundation\\Http\\Middleware\\PreventRequestsDuringMaintenance->handle()
#43 /mnt/2B59B0F32ED5FBD7/Projects/F8-Official/PHP/Laravel-learn/vendor/fruitcake/laravel-cors/src/HandleCors.php(38): Illuminate\\Pipeline\\Pipeline->Illuminate\\Pipeline\\{closure}()
#44 /mnt/2B59B0F32ED5FBD7/Projects/F8-Official/PHP/Laravel-learn/vendor/laravel/framework/src/Illuminate/Pipeline/Pipeline.php(167): Fruitcake\\Cors\\HandleCors->handle()
#45 /mnt/2B59B0F32ED5FBD7/Projects/F8-Official/PHP/Laravel-learn/vendor/laravel/framework/src/Illuminate/Http/Middleware/TrustProxies.php(39): Illuminate\\Pipeline\\Pipeline->Illuminate\\Pipeline\\{closure}()
#46 /mnt/2B59B0F32ED5FBD7/Projects/F8-Official/PHP/Laravel-learn/vendor/laravel/framework/src/Illuminate/Pipeline/Pipeline.php(167): Illuminate\\Http\\Middleware\\TrustProxies->handle()
#47 /mnt/2B59B0F32ED5FBD7/Projects/F8-Official/PHP/Laravel-learn/vendor/laravel/framework/src/Illuminate/Pipeline/Pipeline.php(103): Illuminate\\Pipeline\\Pipeline->Illuminate\\Pipeline\\{closure}()
#48 /mnt/2B59B0F32ED5FBD7/Projects/F8-Official/PHP/Laravel-learn/vendor/laravel/framework/src/Illuminate/Foundation/Http/Kernel.php(142): Illuminate\\Pipeline\\Pipeline->then()
#49 /mnt/2B59B0F32ED5FBD7/Projects/F8-Official/PHP/Laravel-learn/vendor/laravel/framework/src/Illuminate/Foundation/Http/Kernel.php(111): Illuminate\\Foundation\\Http\\Kernel->sendRequestThroughRouter()
#50 /mnt/2B59B0F32ED5FBD7/Projects/F8-Official/PHP/Laravel-learn/public/index.php(52): Illuminate\\Foundation\\Http\\Kernel->handle()
#51 /mnt/2B59B0F32ED5FBD7/Projects/F8-Official/PHP/Laravel-learn/server.php(21): require_once('/mnt/2B59B0F32E...')
#52 {main}
"} 
